#
# There is insufficient memory for the Java Runtime Environment to continue.
# Native memory allocation (malloc) failed to allocate 1126096 bytes. Error detail: Chunk::new
# Possible reasons:
#   The system is out of physical RAM or swap space
#   This process is running with CompressedOops enabled, and the Java Heap may be blocking the growth of the native heap
# Possible solutions:
#   Reduce memory load on the system
#   Increase physical memory or swap space
#   Check if swap backing store is full
#   Decrease Java heap size (-Xmx/-Xms)
#   Decrease number of Java threads
#   Decrease Java thread stack sizes (-Xss)
#   Set larger code cache with -XX:ReservedCodeCacheSize=
#   JVM is running with Unscaled Compressed Oops mode in which the Java heap is
#     placed in the first 4GB address space. The Java Heap base address is the
#     maximum limit for the native heap growth. Please use -XX:HeapBaseMinAddress
#     to set the Java Heap base and to place the Java Heap above 4GB virtual address.
# This output file may be truncated or incomplete.
#
#  Out of Memory Error (arena.cpp:168), pid=17232, tid=24176
#
# JRE version: OpenJDK Runtime Environment (21.0.7) (build 21.0.7+-13880790-b1038.58)
# Java VM: OpenJDK 64-Bit Server VM (21.0.7+-13880790-b1038.58, mixed mode, tiered, compressed oops, compressed class ptrs, g1 gc, windows-amd64)
# No core dump will be written. Minidumps are not enabled by default on client versions of Windows
#

---------------  S U M M A R Y ------------

Command Line: --add-opens=java.base/java.lang=ALL-UNNAMED --add-opens=java.base/java.lang.invoke=ALL-UNNAMED --add-opens=java.base/java.util=ALL-UNNAMED --add-opens=java.prefs/java.util.prefs=ALL-UNNAMED --add-exports=jdk.compiler/com.sun.tools.javac.api=ALL-UNNAMED --add-exports=jdk.compiler/com.sun.tools.javac.util=ALL-UNNAMED --add-opens=java.base/java.util=ALL-UNNAMED --add-opens=java.prefs/java.util.prefs=ALL-UNNAMED --add-opens=java.base/java.nio.charset=ALL-UNNAMED --add-opens=java.base/java.net=ALL-UNNAMED --add-opens=java.base/java.util.concurrent.atomic=ALL-UNNAMED --add-opens=java.xml/javax.xml.namespace=ALL-UNNAMED -Xmx2048m -Dfile.encoding=UTF-8 -Duser.country=ID -Duser.language=en -Duser.variant -javaagent:C:\Users\Lenovo\.gradle\wrapper\dists\gradle-8.13-bin\5xuhj0ry160q40clulazy9h7d\gradle-8.13\lib\agents\gradle-instrumentation-agent-8.13.jar org.gradle.launcher.daemon.bootstrap.GradleDaemon 8.13

Host: AMD Ryzen 5 5625U with Radeon Graphics         , 12 cores, 5G,  Windows 11 , 64 bit Build 26100 (10.0.26100.7623)
Time: Fri Jan 16 13:34:03 2026 SE Asia Standard Time elapsed time: 32.900515 seconds (0d 0h 0m 32s)

---------------  T H R E A D  ---------------

Current thread (0x0000019a371571b0):  JavaThread "C2 CompilerThread1" daemon [_thread_in_native, id=24176, stack(0x0000006794500000,0x0000006794600000) (1024K)]


Current CompileTask:
C2:32900 5732       4       groovyjarjarantlr4.v4.runtime.atn.PredictionContext::join (569 bytes)

Stack: [0x0000006794500000,0x0000006794600000]
Native frames: (J=compiled Java code, j=interpreted, Vv=VM code, C=native code)
V  [jvm.dll+0x6d25c9]
V  [jvm.dll+0x860923]
V  [jvm.dll+0x862e7e]
V  [jvm.dll+0x863563]
V  [jvm.dll+0x27f156]
V  [jvm.dll+0xc002d]
V  [jvm.dll+0xc0563]
V  [jvm.dll+0x3b6d01]
V  [jvm.dll+0x382c27]
V  [jvm.dll+0x38209a]
V  [jvm.dll+0x247e72]
V  [jvm.dll+0x247441]
V  [jvm.dll+0x1c5fb4]
V  [jvm.dll+0x256bac]
V  [jvm.dll+0x2550f6]
V  [jvm.dll+0x3f1d16]
V  [jvm.dll+0x808d08]
V  [jvm.dll+0x6d0e1d]
C  [ucrtbase.dll+0x37b0]
C  [KERNEL32.DLL+0x2e8d7]
C  [ntdll.dll+0x8c53c]


---------------  P R O C E S S  ---------------

Threads class SMR info:
_java_thread_list=0x0000019a39ae1e20, length=50, elements={
0x0000019a16b16540, 0x0000019a35044330, 0x0000019a350493e0, 0x0000019a3505d410,
0x0000019a3507c8e0, 0x0000019a3507d340, 0x0000019a3507e910, 0x0000019a35080620,
0x0000019a3506af60, 0x0000019a35084e70, 0x0000019a35385320, 0x0000019a36c7ebc0,
0x0000019a36cda390, 0x0000019a36c42c00, 0x0000019a36c90320, 0x0000019a36df3c50,
0x0000019a36d56390, 0x0000019a36d5ee30, 0x0000019a36d57270, 0x0000019a36d5a060,
0x0000019a36d59340, 0x0000019a36d57900, 0x0000019a36d58cb0, 0x0000019a36d599d0,
0x0000019a36d57f90, 0x0000019a36d58620, 0x0000019a3894adb0, 0x0000019a3894b440,
0x0000019a38948ce0, 0x0000019a38947fc0, 0x0000019a3894bad0, 0x0000019a38948650,
0x0000019a3894c160, 0x0000019a3894c7f0, 0x0000019a38949370, 0x0000019a3894ce80,
0x0000019a38949a00, 0x0000019a3894a090, 0x0000019a3894a720, 0x0000019a3894e8c0,
0x0000019a371571b0, 0x0000019a3894ef50, 0x0000019a3894f5e0, 0x0000019a3894dba0,
0x0000019a3894e230, 0x0000019a3737a8a0, 0x0000019a37378140, 0x0000019a3737a210,
0x0000019a373787d0, 0x0000019a394f0810
}

Java Threads: ( => current thread )
  0x0000019a16b16540 JavaThread "main"                              [_thread_blocked, id=30612, stack(0x0000006790b00000,0x0000006790c00000) (1024K)]
  0x0000019a35044330 JavaThread "Common-Cleaner"             daemon [_thread_blocked, id=23216, stack(0x0000006791300000,0x0000006791400000) (1024K)]
  0x0000019a350493e0 JavaThread "Reference Handler"          daemon [_thread_blocked, id=25544, stack(0x0000006791400000,0x0000006791500000) (1024K)]
  0x0000019a3505d410 JavaThread "Finalizer"                  daemon [_thread_blocked, id=24072, stack(0x0000006791500000,0x0000006791600000) (1024K)]
  0x0000019a3507c8e0 JavaThread "Signal Dispatcher"          daemon [_thread_blocked, id=16180, stack(0x0000006791600000,0x0000006791700000) (1024K)]
  0x0000019a3507d340 JavaThread "Attach Listener"            daemon [_thread_blocked, id=16716, stack(0x0000006791700000,0x0000006791800000) (1024K)]
  0x0000019a3507e910 JavaThread "Service Thread"             daemon [_thread_blocked, id=11864, stack(0x0000006791800000,0x0000006791900000) (1024K)]
  0x0000019a35080620 JavaThread "Monitor Deflation Thread"   daemon [_thread_blocked, id=24296, stack(0x0000006791900000,0x0000006791a00000) (1024K)]
  0x0000019a3506af60 JavaThread "C2 CompilerThread0"         daemon [_thread_in_native, id=26908, stack(0x0000006791a00000,0x0000006791b00000) (1024K)]
  0x0000019a35084e70 JavaThread "C1 CompilerThread0"         daemon [_thread_in_vm, id=21064, stack(0x0000006791b00000,0x0000006791c00000) (1024K)]
  0x0000019a35385320 JavaThread "Notification Thread"        daemon [_thread_blocked, id=22956, stack(0x0000006791c00000,0x0000006791d00000) (1024K)]
  0x0000019a36c7ebc0 JavaThread "Daemon health stats"               [_thread_blocked, id=12196, stack(0x0000006792200000,0x0000006792300000) (1024K)]
  0x0000019a36cda390 JavaThread "Incoming local TCP Connector on port 51261"        [_thread_in_native, id=27468, stack(0x0000006792300000,0x0000006792400000) (1024K)]
  0x0000019a36c42c00 JavaThread "Daemon periodic checks"            [_thread_blocked, id=28112, stack(0x0000006792400000,0x0000006792500000) (1024K)]
  0x0000019a36c90320 JavaThread "Daemon"                            [_thread_blocked, id=29572, stack(0x0000006792500000,0x0000006792600000) (1024K)]
  0x0000019a36df3c50 JavaThread "Handler for socket connection from /127.0.0.1:51261 to /127.0.0.1:51262"        [_thread_in_native, id=17368, stack(0x0000006792600000,0x0000006792700000) (1024K)]
  0x0000019a36d56390 JavaThread "Cancel handler"                    [_thread_blocked, id=21116, stack(0x0000006792700000,0x0000006792800000) (1024K)]
  0x0000019a36d5ee30 JavaThread "Daemon worker"                     [_thread_in_Java, id=29876, stack(0x0000006792800000,0x0000006792900000) (1024K)]
  0x0000019a36d57270 JavaThread "Asynchronous log dispatcher for DefaultDaemonConnection: socket connection from /127.0.0.1:51261 to /127.0.0.1:51262"        [_thread_blocked, id=2264, stack(0x0000006792900000,0x0000006792a00000) (1024K)]
  0x0000019a36d5a060 JavaThread "Stdin handler"                     [_thread_blocked, id=7824, stack(0x0000006793000000,0x0000006793100000) (1024K)]
  0x0000019a36d59340 JavaThread "Daemon client event forwarder"        [_thread_blocked, id=30240, stack(0x0000006793100000,0x0000006793200000) (1024K)]
  0x0000019a36d57900 JavaThread "Cache worker for journal cache (C:\Users\Lenovo\.gradle\caches\journal-1)"        [_thread_blocked, id=16548, stack(0x0000006793200000,0x0000006793300000) (1024K)]
  0x0000019a36d58cb0 JavaThread "File lock request listener"        [_thread_in_native, id=24856, stack(0x0000006793300000,0x0000006793400000) (1024K)]
  0x0000019a36d599d0 JavaThread "Cache worker for file hash cache (C:\Users\Lenovo\.gradle\caches\8.13\fileHashes)"        [_thread_blocked, id=11560, stack(0x0000006793400000,0x0000006793500000) (1024K)]
  0x0000019a36d57f90 JavaThread "Cache worker for file hash cache (D:\TA PAM\android\.gradle\8.13\fileHashes)"        [_thread_blocked, id=11468, stack(0x0000006793500000,0x0000006793600000) (1024K)]
  0x0000019a36d58620 JavaThread "Cache worker for Build Output Cleanup Cache (D:\TA PAM\android\.gradle\buildOutputCleanup)"        [_thread_blocked, id=29552, stack(0x0000006793600000,0x0000006793700000) (1024K)]
  0x0000019a3894adb0 JavaThread "File watcher server"        daemon [_thread_in_native, id=24076, stack(0x0000006793700000,0x0000006793800000) (1024K)]
  0x0000019a3894b440 JavaThread "File watcher consumer"      daemon [_thread_blocked, id=12544, stack(0x0000006793800000,0x0000006793900000) (1024K)]
  0x0000019a38948ce0 JavaThread "jar transforms"                    [_thread_blocked, id=19424, stack(0x0000006793900000,0x0000006793a00000) (1024K)]
  0x0000019a38947fc0 JavaThread "jar transforms Thread 2"           [_thread_blocked, id=29856, stack(0x0000006793a00000,0x0000006793b00000) (1024K)]
  0x0000019a3894bad0 JavaThread "jar transforms Thread 3"           [_thread_blocked, id=16224, stack(0x0000006793b00000,0x0000006793c00000) (1024K)]
  0x0000019a38948650 JavaThread "jar transforms Thread 4"           [_thread_blocked, id=4132, stack(0x0000006793c00000,0x0000006793d00000) (1024K)]
  0x0000019a3894c160 JavaThread "jar transforms Thread 5"           [_thread_blocked, id=9900, stack(0x0000006793d00000,0x0000006793e00000) (1024K)]
  0x0000019a3894c7f0 JavaThread "jar transforms Thread 6"           [_thread_blocked, id=17832, stack(0x0000006793e00000,0x0000006793f00000) (1024K)]
  0x0000019a38949370 JavaThread "jar transforms Thread 7"           [_thread_blocked, id=19364, stack(0x0000006793f00000,0x0000006794000000) (1024K)]
  0x0000019a3894ce80 JavaThread "jar transforms Thread 8"           [_thread_blocked, id=17456, stack(0x0000006794000000,0x0000006794100000) (1024K)]
  0x0000019a38949a00 JavaThread "jar transforms Thread 9"           [_thread_blocked, id=23892, stack(0x0000006794100000,0x0000006794200000) (1024K)]
  0x0000019a3894a090 JavaThread "jar transforms Thread 10"          [_thread_blocked, id=29956, stack(0x0000006794200000,0x0000006794300000) (1024K)]
  0x0000019a3894a720 JavaThread "jar transforms Thread 11"          [_thread_blocked, id=19140, stack(0x0000006794300000,0x0000006794400000) (1024K)]
  0x0000019a3894e8c0 JavaThread "jar transforms Thread 12"          [_thread_blocked, id=7728, stack(0x0000006794400000,0x0000006794500000) (1024K)]
=>0x0000019a371571b0 JavaThread "C2 CompilerThread1"         daemon [_thread_in_native, id=24176, stack(0x0000006794500000,0x0000006794600000) (1024K)]
  0x0000019a3894ef50 JavaThread "Cache worker for checksums cache (D:\TA PAM\android\.gradle\8.13\checksums)"        [_thread_blocked, id=15020, stack(0x0000006794700000,0x0000006794800000) (1024K)]
  0x0000019a3894f5e0 JavaThread "Cache worker for file content cache (C:\Users\Lenovo\.gradle\caches\8.13\fileContent)"        [_thread_blocked, id=29864, stack(0x0000006794800000,0x0000006794900000) (1024K)]
  0x0000019a3894dba0 JavaThread "Cache worker for cache directory md-supplier (C:\Users\Lenovo\.gradle\caches\8.13\md-supplier)"        [_thread_blocked, id=26512, stack(0x0000006794900000,0x0000006794a00000) (1024K)]
  0x0000019a3894e230 JavaThread "Cache worker for cache directory md-rule (C:\Users\Lenovo\.gradle\caches\8.13\md-rule)"        [_thread_blocked, id=5396, stack(0x0000006794a00000,0x0000006794b00000) (1024K)]
  0x0000019a3737a8a0 JavaThread "Unconstrained build operations"        [_thread_blocked, id=2156, stack(0x0000006794600000,0x0000006794700000) (1024K)]
  0x0000019a37378140 JavaThread "Unconstrained build operations Thread 2"        [_thread_blocked, id=6848, stack(0x0000006794b00000,0x0000006794c00000) (1024K)]
  0x0000019a3737a210 JavaThread "Unconstrained build operations Thread 3"        [_thread_blocked, id=24156, stack(0x0000006794c00000,0x0000006794d00000) (1024K)]
  0x0000019a373787d0 JavaThread "Unconstrained build operations Thread 4"        [_thread_blocked, id=26140, stack(0x0000006794d00000,0x0000006794e00000) (1024K)]
  0x0000019a394f0810 JavaThread "C2 CompilerThread2"         daemon [_thread_in_native, id=22444, stack(0x0000006794e00000,0x0000006794f00000) (1024K)]
Total: 50

Other Threads:
  0x0000019a30b7c810 VMThread "VM Thread"                           [id=15808, stack(0x0000006791200000,0x0000006791300000) (1024K)]
  0x0000019a30b356b0 WatcherThread "VM Periodic Task Thread"        [id=10816, stack(0x0000006791100000,0x0000006791200000) (1024K)]
  0x0000019a190b4600 WorkerThread "GC Thread#0"                     [id=27692, stack(0x0000006790c00000,0x0000006790d00000) (1024K)]
  0x0000019a353881b0 WorkerThread "GC Thread#1"                     [id=9536, stack(0x0000006791d00000,0x0000006791e00000) (1024K)]
  0x0000019a357a6bd0 WorkerThread "GC Thread#2"                     [id=12932, stack(0x0000006791e00000,0x0000006791f00000) (1024K)]
  0x0000019a35f2cbf0 WorkerThread "GC Thread#3"                     [id=14576, stack(0x0000006791f00000,0x0000006792000000) (1024K)]
  0x0000019a361ad8f0 WorkerThread "GC Thread#4"                     [id=29196, stack(0x0000006792000000,0x0000006792100000) (1024K)]
  0x0000019a36250fd0 WorkerThread "GC Thread#5"                     [id=30680, stack(0x0000006792100000,0x0000006792200000) (1024K)]
  0x0000019a36fa7e70 WorkerThread "GC Thread#6"                     [id=24824, stack(0x0000006792a00000,0x0000006792b00000) (1024K)]
  0x0000019a36fa8210 WorkerThread "GC Thread#7"                     [id=7336, stack(0x0000006792b00000,0x0000006792c00000) (1024K)]
  0x0000019a36d5c100 WorkerThread "GC Thread#8"                     [id=16740, stack(0x0000006792c00000,0x0000006792d00000) (1024K)]
  0x0000019a36d5cbe0 WorkerThread "GC Thread#9"                     [id=24584, stack(0x0000006792d00000,0x0000006792e00000) (1024K)]
  0x0000019a190c6330 ConcurrentGCThread "G1 Main Marker"            [id=23480, stack(0x0000006790d00000,0x0000006790e00000) (1024K)]
  0x0000019a190c6d40 WorkerThread "G1 Conc#0"                       [id=28864, stack(0x0000006790e00000,0x0000006790f00000) (1024K)]
  0x0000019a36d5c840 WorkerThread "G1 Conc#1"                       [id=26584, stack(0x0000006792e00000,0x0000006792f00000) (1024K)]
  0x0000019a36d5b280 WorkerThread "G1 Conc#2"                       [id=11544, stack(0x0000006792f00000,0x0000006793000000) (1024K)]
  0x0000019a1911e970 ConcurrentGCThread "G1 Refine#0"               [id=30492, stack(0x0000006790f00000,0x0000006791000000) (1024K)]
  0x0000019a30a0a510 ConcurrentGCThread "G1 Service"                [id=21268, stack(0x0000006791000000,0x0000006791100000) (1024K)]
Total: 18

Threads with active compile tasks:
C2 CompilerThread0  32941 5877       4       groovyjarjarantlr4.v4.runtime.atn.PredictionContext::getCachedContext (297 bytes)
C2 CompilerThread1  32942 5732       4       groovyjarjarantlr4.v4.runtime.atn.PredictionContext::join (569 bytes)
C2 CompilerThread2  32942 5880       4       groovyjarjarantlr4.v4.runtime.atn.ATNConfigSet::add (356 bytes)
Total: 3

VM state: not at safepoint (normal execution)

VM Mutex/Monitor currently owned by a thread: None

Heap address: 0x0000000080000000, size: 2048 MB, Compressed Oops mode: 32-bit

CDS archive(s) not mapped
Compressed class space mapped at: 0x0000000100000000-0x0000000140000000, reserved size: 1073741824
Narrow klass base: 0x0000000000000000, Narrow klass shift: 3, Narrow klass range: 0x140000000

GC Precious Log:
 CardTable entry size: 512
 Card Set container configuration: InlinePtr #cards 5 size 8 Array Of Cards #cards 12 size 40 Howl #buckets 4 coarsen threshold 1843 Howl Bitmap #cards 512 size 80 coarsen threshold 460 Card regions per heap region 1 cards per card region 2048
 CPUs: 12 total, 12 available
 Memory: 5987M
 Large Page Support: Disabled
 NUMA Support: Disabled
 Compressed Oops: Enabled (32-bit)
 Heap Region Size: 1M
 Heap Min Capacity: 8M
 Heap Initial Capacity: 94M
 Heap Max Capacity: 2G
 Pre-touch: Disabled
 Parallel Workers: 10
 Concurrent Workers: 3
 Concurrent Refinement Workers: 10
 Periodic GC: Disabled

Heap:
 garbage-first heap   total 128000K, used 108435K [0x0000000080000000, 0x0000000100000000)
  region size 1024K, 39 young (39936K), 6 survivors (6144K)
 Metaspace       used 60588K, committed 62144K, reserved 1114112K
  class space    used 8479K, committed 9216K, reserved 1048576K

Heap Regions: E=young(eden), S=young(survivor), O=old, HS=humongous(starts), HC=humongous(continues), CS=collection set, F=free, TAMS=top-at-mark-start, PB=parsable bottom
|   0|0x0000000080000000, 0x0000000080100000, 0x0000000080100000|100%|HS|  |TAMS 0x0000000080000000| PB 0x0000000080000000| Complete 
|   1|0x0000000080100000, 0x0000000080200000, 0x0000000080200000|100%|HC|  |TAMS 0x0000000080100000| PB 0x0000000080100000| Complete 
|   2|0x0000000080200000, 0x0000000080300000, 0x0000000080300000|100%|HC|  |TAMS 0x0000000080200000| PB 0x0000000080200000| Complete 
|   3|0x0000000080300000, 0x0000000080400000, 0x0000000080400000|100%| O|  |TAMS 0x0000000080300000| PB 0x0000000080300000| Untracked 
|   4|0x0000000080400000, 0x0000000080500000, 0x0000000080500000|100%| O|  |TAMS 0x0000000080400000| PB 0x0000000080400000| Untracked 
|   5|0x0000000080500000, 0x0000000080600000, 0x0000000080600000|100%| O|  |TAMS 0x0000000080500000| PB 0x0000000080500000| Untracked 
|   6|0x0000000080600000, 0x0000000080700000, 0x0000000080700000|100%|HS|  |TAMS 0x0000000080600000| PB 0x0000000080600000| Complete 
|   7|0x0000000080700000, 0x0000000080800000, 0x0000000080800000|100%| O|  |TAMS 0x0000000080700000| PB 0x0000000080700000| Untracked 
|   8|0x0000000080800000, 0x0000000080900000, 0x0000000080900000|100%| O|  |TAMS 0x0000000080800000| PB 0x0000000080800000| Untracked 
|   9|0x0000000080900000, 0x0000000080a00000, 0x0000000080a00000|100%| O|  |TAMS 0x0000000080900000| PB 0x0000000080900000| Untracked 
|  10|0x0000000080a00000, 0x0000000080b00000, 0x0000000080b00000|100%| O|  |TAMS 0x0000000080a00000| PB 0x0000000080a00000| Untracked 
|  11|0x0000000080b00000, 0x0000000080c00000, 0x0000000080c00000|100%| O|  |TAMS 0x0000000080b00000| PB 0x0000000080b00000| Untracked 
|  12|0x0000000080c00000, 0x0000000080d00000, 0x0000000080d00000|100%| O|  |TAMS 0x0000000080c00000| PB 0x0000000080c00000| Untracked 
|  13|0x0000000080d00000, 0x0000000080e00000, 0x0000000080e00000|100%| O|  |TAMS 0x0000000080d00000| PB 0x0000000080d00000| Untracked 
|  14|0x0000000080e00000, 0x0000000080f00000, 0x0000000080f00000|100%| O|  |TAMS 0x0000000080e00000| PB 0x0000000080e00000| Untracked 
|  15|0x0000000080f00000, 0x0000000081000000, 0x0000000081000000|100%| O|  |TAMS 0x0000000080f00000| PB 0x0000000080f00000| Untracked 
|  16|0x0000000081000000, 0x0000000081100000, 0x0000000081100000|100%| O|  |TAMS 0x0000000081000000| PB 0x0000000081000000| Untracked 
|  17|0x0000000081100000, 0x0000000081200000, 0x0000000081200000|100%| O|  |TAMS 0x0000000081100000| PB 0x0000000081100000| Untracked 
|  18|0x0000000081200000, 0x0000000081300000, 0x0000000081300000|100%| O|  |TAMS 0x0000000081200000| PB 0x0000000081200000| Untracked 
|  19|0x0000000081300000, 0x0000000081400000, 0x0000000081400000|100%| O|Cm|TAMS 0x0000000081300000| PB 0x0000000081300000| Complete 
|  20|0x0000000081400000, 0x0000000081500000, 0x0000000081500000|100%| O|  |TAMS 0x0000000081400000| PB 0x0000000081400000| Untracked 
|  21|0x0000000081500000, 0x0000000081600000, 0x0000000081600000|100%| O|  |TAMS 0x0000000081500000| PB 0x0000000081500000| Untracked 
|  22|0x0000000081600000, 0x0000000081700000, 0x0000000081700000|100%|HS|  |TAMS 0x0000000081600000| PB 0x0000000081600000| Complete 
|  23|0x0000000081700000, 0x0000000081800000, 0x0000000081800000|100%|HC|  |TAMS 0x0000000081700000| PB 0x0000000081700000| Complete 
|  24|0x0000000081800000, 0x0000000081900000, 0x0000000081900000|100%|HC|  |TAMS 0x0000000081800000| PB 0x0000000081800000| Complete 
|  25|0x0000000081900000, 0x0000000081a00000, 0x0000000081a00000|100%|HC|  |TAMS 0x0000000081900000| PB 0x0000000081900000| Complete 
|  26|0x0000000081a00000, 0x0000000081b00000, 0x0000000081b00000|100%|HC|  |TAMS 0x0000000081a00000| PB 0x0000000081a00000| Complete 
|  27|0x0000000081b00000, 0x0000000081c00000, 0x0000000081c00000|100%|HC|  |TAMS 0x0000000081b00000| PB 0x0000000081b00000| Complete 
|  28|0x0000000081c00000, 0x0000000081d00000, 0x0000000081d00000|100%|HS|  |TAMS 0x0000000081c00000| PB 0x0000000081c00000| Complete 
|  29|0x0000000081d00000, 0x0000000081e00000, 0x0000000081e00000|100%|HS|  |TAMS 0x0000000081d00000| PB 0x0000000081d00000| Complete 
|  30|0x0000000081e00000, 0x0000000081f00000, 0x0000000081f00000|100%|HC|  |TAMS 0x0000000081e00000| PB 0x0000000081e00000| Complete 
|  31|0x0000000081f00000, 0x0000000082000000, 0x0000000082000000|100%|HC|  |TAMS 0x0000000081f00000| PB 0x0000000081f00000| Complete 
|  32|0x0000000082000000, 0x0000000082100000, 0x0000000082100000|100%|HC|  |TAMS 0x0000000082000000| PB 0x0000000082000000| Complete 
|  33|0x0000000082100000, 0x0000000082200000, 0x0000000082200000|100%|HS|  |TAMS 0x0000000082100000| PB 0x0000000082100000| Complete 
|  34|0x0000000082200000, 0x0000000082300000, 0x0000000082300000|100%|HC|  |TAMS 0x0000000082200000| PB 0x0000000082200000| Complete 
|  35|0x0000000082300000, 0x0000000082400000, 0x0000000082400000|100%|HS|  |TAMS 0x0000000082300000| PB 0x0000000082300000| Complete 
|  36|0x0000000082400000, 0x0000000082500000, 0x0000000082500000|100%|HS|  |TAMS 0x0000000082400000| PB 0x0000000082400000| Complete 
|  37|0x0000000082500000, 0x0000000082600000, 0x0000000082600000|100%|HC|  |TAMS 0x0000000082500000| PB 0x0000000082500000| Complete 
|  38|0x0000000082600000, 0x0000000082700000, 0x0000000082700000|100%|HC|  |TAMS 0x0000000082600000| PB 0x0000000082600000| Complete 
|  39|0x0000000082700000, 0x0000000082800000, 0x0000000082800000|100%|HC|  |TAMS 0x0000000082700000| PB 0x0000000082700000| Complete 
|  40|0x0000000082800000, 0x0000000082900000, 0x0000000082900000|100%|HC|  |TAMS 0x0000000082800000| PB 0x0000000082800000| Complete 
|  41|0x0000000082900000, 0x0000000082a00000, 0x0000000082a00000|100%|HC|  |TAMS 0x0000000082900000| PB 0x0000000082900000| Complete 
|  42|0x0000000082a00000, 0x0000000082b00000, 0x0000000082b00000|100%|HS|  |TAMS 0x0000000082a00000| PB 0x0000000082a00000| Complete 
|  43|0x0000000082b00000, 0x0000000082c00000, 0x0000000082c00000|100%|HS|  |TAMS 0x0000000082b00000| PB 0x0000000082b00000| Complete 
|  44|0x0000000082c00000, 0x0000000082d00000, 0x0000000082d00000|100%|HC|  |TAMS 0x0000000082c00000| PB 0x0000000082c00000| Complete 
|  45|0x0000000082d00000, 0x0000000082e00000, 0x0000000082e00000|100%| O|  |TAMS 0x0000000082d00000| PB 0x0000000082d00000| Untracked 
|  46|0x0000000082e00000, 0x0000000082f00000, 0x0000000082f00000|100%| O|  |TAMS 0x0000000082e00000| PB 0x0000000082e00000| Untracked 
|  47|0x0000000082f00000, 0x0000000083000000, 0x0000000083000000|100%| O|  |TAMS 0x0000000082f00000| PB 0x0000000082f00000| Untracked 
|  48|0x0000000083000000, 0x0000000083100000, 0x0000000083100000|100%| O|  |TAMS 0x0000000083000000| PB 0x0000000083000000| Untracked 
|  49|0x0000000083100000, 0x0000000083200000, 0x0000000083200000|100%|HS|  |TAMS 0x0000000083100000| PB 0x0000000083100000| Complete 
|  50|0x0000000083200000, 0x0000000083300000, 0x0000000083300000|100%|HC|  |TAMS 0x0000000083200000| PB 0x0000000083200000| Complete 
|  51|0x0000000083300000, 0x0000000083400000, 0x0000000083400000|100%|HC|  |TAMS 0x0000000083300000| PB 0x0000000083300000| Complete 
|  52|0x0000000083400000, 0x0000000083500000, 0x0000000083500000|100%|HC|  |TAMS 0x0000000083400000| PB 0x0000000083400000| Complete 
|  53|0x0000000083500000, 0x0000000083600000, 0x0000000083600000|100%| O|  |TAMS 0x0000000083500000| PB 0x0000000083500000| Untracked 
|  54|0x0000000083600000, 0x0000000083700000, 0x0000000083700000|100%| O|  |TAMS 0x0000000083600000| PB 0x0000000083600000| Untracked 
|  55|0x0000000083700000, 0x0000000083800000, 0x0000000083800000|100%| O|  |TAMS 0x0000000083700000| PB 0x0000000083700000| Untracked 
|  56|0x0000000083800000, 0x0000000083900000, 0x0000000083900000|100%| O|  |TAMS 0x0000000083800000| PB 0x0000000083800000| Untracked 
|  57|0x0000000083900000, 0x0000000083a00000, 0x0000000083a00000|100%| O|  |TAMS 0x0000000083900000| PB 0x0000000083900000| Untracked 
|  58|0x0000000083a00000, 0x0000000083b00000, 0x0000000083b00000|100%| O|  |TAMS 0x0000000083a00000| PB 0x0000000083a00000| Untracked 
|  59|0x0000000083b00000, 0x0000000083c00000, 0x0000000083c00000|100%| O|  |TAMS 0x0000000083b00000| PB 0x0000000083b00000| Untracked 
|  60|0x0000000083c00000, 0x0000000083ce4e80, 0x0000000083d00000| 89%| O|  |TAMS 0x0000000083c00000| PB 0x0000000083c00000| Untracked 
|  61|0x0000000083d00000, 0x0000000083e00000, 0x0000000083e00000|100%|HS|  |TAMS 0x0000000083d00000| PB 0x0000000083d00000| Complete 
|  62|0x0000000083e00000, 0x0000000083f00000, 0x0000000083f00000|100%|HC|  |TAMS 0x0000000083e00000| PB 0x0000000083e00000| Complete 
|  63|0x0000000083f00000, 0x0000000083f00000, 0x0000000084000000|  0%| F|  |TAMS 0x0000000083f00000| PB 0x0000000083f00000| Untracked 
|  64|0x0000000084000000, 0x0000000084000000, 0x0000000084100000|  0%| F|  |TAMS 0x0000000084000000| PB 0x0000000084000000| Untracked 
|  65|0x0000000084100000, 0x0000000084200000, 0x0000000084200000|100%|HS|  |TAMS 0x0000000084100000| PB 0x0000000084100000| Complete 
|  66|0x0000000084200000, 0x0000000084200000, 0x0000000084300000|  0%| F|  |TAMS 0x0000000084200000| PB 0x0000000084200000| Untracked 
|  67|0x0000000084300000, 0x0000000084300000, 0x0000000084400000|  0%| F|  |TAMS 0x0000000084300000| PB 0x0000000084300000| Untracked 
|  68|0x0000000084400000, 0x0000000084400000, 0x0000000084500000|  0%| F|  |TAMS 0x0000000084400000| PB 0x0000000084400000| Untracked 
|  69|0x0000000084500000, 0x0000000084600000, 0x0000000084600000|100%| S|CS|TAMS 0x0000000084500000| PB 0x0000000084500000| Complete 
|  70|0x0000000084600000, 0x0000000084700000, 0x0000000084700000|100%| S|CS|TAMS 0x0000000084600000| PB 0x0000000084600000| Complete 
|  71|0x0000000084700000, 0x0000000084800000, 0x0000000084800000|100%| S|CS|TAMS 0x0000000084700000| PB 0x0000000084700000| Complete 
|  72|0x0000000084800000, 0x0000000084900000, 0x0000000084900000|100%| S|CS|TAMS 0x0000000084800000| PB 0x0000000084800000| Complete 
|  73|0x0000000084900000, 0x0000000084a00000, 0x0000000084a00000|100%| S|CS|TAMS 0x0000000084900000| PB 0x0000000084900000| Complete 
|  74|0x0000000084a00000, 0x0000000084a00000, 0x0000000084b00000|  0%| F|  |TAMS 0x0000000084a00000| PB 0x0000000084a00000| Untracked 
|  75|0x0000000084b00000, 0x0000000084b00000, 0x0000000084c00000|  0%| F|  |TAMS 0x0000000084b00000| PB 0x0000000084b00000| Untracked 
|  76|0x0000000084c00000, 0x0000000084c00000, 0x0000000084d00000|  0%| F|  |TAMS 0x0000000084c00000| PB 0x0000000084c00000| Untracked 
|  77|0x0000000084d00000, 0x0000000084e00000, 0x0000000084e00000|100%| S|CS|TAMS 0x0000000084d00000| PB 0x0000000084d00000| Complete 
|  78|0x0000000084e00000, 0x0000000084e00000, 0x0000000084f00000|  0%| F|  |TAMS 0x0000000084e00000| PB 0x0000000084e00000| Untracked 
|  79|0x0000000084f00000, 0x0000000084f00000, 0x0000000085000000|  0%| F|  |TAMS 0x0000000084f00000| PB 0x0000000084f00000| Untracked 
|  80|0x0000000085000000, 0x0000000085000000, 0x0000000085100000|  0%| F|  |TAMS 0x0000000085000000| PB 0x0000000085000000| Untracked 
|  81|0x0000000085100000, 0x0000000085100000, 0x0000000085200000|  0%| F|  |TAMS 0x0000000085100000| PB 0x0000000085100000| Untracked 
|  82|0x0000000085200000, 0x0000000085200000, 0x0000000085300000|  0%| F|  |TAMS 0x0000000085200000| PB 0x0000000085200000| Untracked 
|  83|0x0000000085300000, 0x0000000085300000, 0x0000000085400000|  0%| F|  |TAMS 0x0000000085300000| PB 0x0000000085300000| Untracked 
|  84|0x0000000085400000, 0x0000000085400000, 0x0000000085500000|  0%| F|  |TAMS 0x0000000085400000| PB 0x0000000085400000| Untracked 
|  85|0x0000000085500000, 0x0000000085500000, 0x0000000085600000|  0%| F|  |TAMS 0x0000000085500000| PB 0x0000000085500000| Untracked 
|  86|0x0000000085600000, 0x0000000085600000, 0x0000000085700000|  0%| F|  |TAMS 0x0000000085600000| PB 0x0000000085600000| Untracked 
|  87|0x0000000085700000, 0x0000000085800000, 0x0000000085800000|100%| E|  |TAMS 0x0000000085700000| PB 0x0000000085700000| Complete 
|  88|0x0000000085800000, 0x0000000085900000, 0x0000000085900000|100%| E|CS|TAMS 0x0000000085800000| PB 0x0000000085800000| Complete 
|  89|0x0000000085900000, 0x0000000085a00000, 0x0000000085a00000|100%| E|CS|TAMS 0x0000000085900000| PB 0x0000000085900000| Complete 
|  90|0x0000000085a00000, 0x0000000085b00000, 0x0000000085b00000|100%| E|CS|TAMS 0x0000000085a00000| PB 0x0000000085a00000| Complete 
|  91|0x0000000085b00000, 0x0000000085c00000, 0x0000000085c00000|100%| E|CS|TAMS 0x0000000085b00000| PB 0x0000000085b00000| Complete 
|  92|0x0000000085c00000, 0x0000000085d00000, 0x0000000085d00000|100%| E|CS|TAMS 0x0000000085c00000| PB 0x0000000085c00000| Complete 
|  93|0x0000000085d00000, 0x0000000085e00000, 0x0000000085e00000|100%| E|CS|TAMS 0x0000000085d00000| PB 0x0000000085d00000| Complete 
|  94|0x0000000085e00000, 0x0000000085f00000, 0x0000000085f00000|100%| E|CS|TAMS 0x0000000085e00000| PB 0x0000000085e00000| Complete 
|  95|0x0000000085f00000, 0x0000000086000000, 0x0000000086000000|100%| E|CS|TAMS 0x0000000085f00000| PB 0x0000000085f00000| Complete 
|  96|0x0000000086000000, 0x0000000086100000, 0x0000000086100000|100%| E|CS|TAMS 0x0000000086000000| PB 0x0000000086000000| Complete 
|  97|0x0000000086100000, 0x0000000086200000, 0x0000000086200000|100%| E|CS|TAMS 0x0000000086100000| PB 0x0000000086100000| Complete 
|  98|0x0000000086200000, 0x0000000086300000, 0x0000000086300000|100%| E|CS|TAMS 0x0000000086200000| PB 0x0000000086200000| Complete 
|  99|0x0000000086300000, 0x0000000086400000, 0x0000000086400000|100%| E|CS|TAMS 0x0000000086300000| PB 0x0000000086300000| Complete 
| 100|0x0000000086400000, 0x0000000086500000, 0x0000000086500000|100%| E|CS|TAMS 0x0000000086400000| PB 0x0000000086400000| Complete 
| 101|0x0000000086500000, 0x0000000086600000, 0x0000000086600000|100%| E|CS|TAMS 0x0000000086500000| PB 0x0000000086500000| Complete 
| 102|0x0000000086600000, 0x0000000086700000, 0x0000000086700000|100%| E|CS|TAMS 0x0000000086600000| PB 0x0000000086600000| Complete 
| 103|0x0000000086700000, 0x0000000086800000, 0x0000000086800000|100%| E|CS|TAMS 0x0000000086700000| PB 0x0000000086700000| Complete 
| 104|0x0000000086800000, 0x0000000086900000, 0x0000000086900000|100%| E|CS|TAMS 0x0000000086800000| PB 0x0000000086800000| Complete 
| 105|0x0000000086900000, 0x0000000086a00000, 0x0000000086a00000|100%| E|CS|TAMS 0x0000000086900000| PB 0x0000000086900000| Complete 
| 106|0x0000000086a00000, 0x0000000086b00000, 0x0000000086b00000|100%| E|CS|TAMS 0x0000000086a00000| PB 0x0000000086a00000| Complete 
| 107|0x0000000086b00000, 0x0000000086c00000, 0x0000000086c00000|100%| E|CS|TAMS 0x0000000086b00000| PB 0x0000000086b00000| Complete 
| 108|0x0000000086c00000, 0x0000000086d00000, 0x0000000086d00000|100%| E|CS|TAMS 0x0000000086c00000| PB 0x0000000086c00000| Complete 
| 109|0x0000000086d00000, 0x0000000086e00000, 0x0000000086e00000|100%| E|CS|TAMS 0x0000000086d00000| PB 0x0000000086d00000| Complete 
| 110|0x0000000086e00000, 0x0000000086f00000, 0x0000000086f00000|100%| E|CS|TAMS 0x0000000086e00000| PB 0x0000000086e00000| Complete 
| 111|0x0000000086f00000, 0x0000000087000000, 0x0000000087000000|100%| E|CS|TAMS 0x0000000086f00000| PB 0x0000000086f00000| Complete 
| 112|0x0000000087000000, 0x0000000087100000, 0x0000000087100000|100%| E|CS|TAMS 0x0000000087000000| PB 0x0000000087000000| Complete 
| 113|0x0000000087100000, 0x0000000087200000, 0x0000000087200000|100%| E|CS|TAMS 0x0000000087100000| PB 0x0000000087100000| Complete 
| 114|0x0000000087200000, 0x0000000087300000, 0x0000000087300000|100%| E|CS|TAMS 0x0000000087200000| PB 0x0000000087200000| Complete 
| 115|0x0000000087300000, 0x0000000087400000, 0x0000000087400000|100%| E|CS|TAMS 0x0000000087300000| PB 0x0000000087300000| Complete 
| 116|0x0000000087400000, 0x0000000087500000, 0x0000000087500000|100%| E|CS|TAMS 0x0000000087400000| PB 0x0000000087400000| Complete 
| 117|0x0000000087500000, 0x0000000087600000, 0x0000000087600000|100%| E|CS|TAMS 0x0000000087500000| PB 0x0000000087500000| Complete 
| 118|0x0000000087600000, 0x0000000087700000, 0x0000000087700000|100%| E|CS|TAMS 0x0000000087600000| PB 0x0000000087600000| Complete 
| 119|0x0000000087700000, 0x0000000087800000, 0x0000000087800000|100%| E|CS|TAMS 0x0000000087700000| PB 0x0000000087700000| Complete 
|2043|0x00000000ffb00000, 0x00000000ffc00000, 0x00000000ffc00000|100%| E|CS|TAMS 0x00000000ffb00000| PB 0x00000000ffb00000| Complete 
|2044|0x00000000ffc00000, 0x00000000ffd00000, 0x00000000ffd00000|100%| O|  |TAMS 0x00000000ffc00000| PB 0x00000000ffc00000| Untracked 
|2045|0x00000000ffd00000, 0x00000000ffe00000, 0x00000000ffe00000|100%| O|  |TAMS 0x00000000ffd00000| PB 0x00000000ffd00000| Untracked 
|2046|0x00000000ffe00000, 0x00000000fff00000, 0x00000000fff00000|100%| O|  |TAMS 0x00000000ffe00000| PB 0x00000000ffe00000| Untracked 
|2047|0x00000000fff00000, 0x0000000100000000, 0x0000000100000000|100%| O|  |TAMS 0x00000000fff00000| PB 0x00000000fff00000| Untracked 

Card table byte_map: [0x0000019a2bb10000,0x0000019a2bf10000] _byte_map_base: 0x0000019a2b710000

Marking Bits: (CMBitMap*) 0x0000019a190b4c10
 Bits: [0x0000019a2bf10000, 0x0000019a2df10000)

Polling page: 0x0000019a16e50000

Metaspace:

Usage:
  Non-class:     50.89 MB used.
      Class:      8.28 MB used.
       Both:     59.17 MB used.

Virtual space:
  Non-class space:       64.00 MB reserved,      51.69 MB ( 81%) committed,  1 nodes.
      Class space:        1.00 GB reserved,       9.00 MB ( <1%) committed,  1 nodes.
             Both:        1.06 GB reserved,      60.69 MB (  6%) committed. 

Chunk freelists:
   Non-Class:  11.92 MB
       Class:  7.02 MB
        Both:  18.94 MB

MaxMetaspaceSize: unlimited
CompressedClassSpaceSize: 1.00 GB
Initial GC threshold: 21.00 MB
Current GC threshold: 89.38 MB
CDS: off
 - commit_granule_bytes: 65536.
 - commit_granule_words: 8192.
 - virtual_space_node_default_size: 8388608.
 - enlarge_chunks_in_place: 1.
 - use_allocation_guard: 0.


Internal statistics:

num_allocs_failed_limit: 6.
num_arena_births: 2818.
num_arena_deaths: 0.
num_vsnodes_births: 2.
num_vsnodes_deaths: 0.
num_space_committed: 971.
num_space_uncommitted: 0.
num_chunks_returned_to_freelist: 6.
num_chunks_taken_from_freelist: 5244.
num_chunk_merges: 3.
num_chunk_splits: 3348.
num_chunks_enlarged: 2020.
num_inconsistent_stats: 0.

CodeHeap 'non-profiled nmethods': size=120000Kb used=3121Kb max_used=3121Kb free=116878Kb
 bounds [0x0000019a23c80000, 0x0000019a23f90000, 0x0000019a2b1b0000]
CodeHeap 'profiled nmethods': size=120000Kb used=9917Kb max_used=9917Kb free=110082Kb
 bounds [0x0000019a1c1b0000, 0x0000019a1cb60000, 0x0000019a236e0000]
CodeHeap 'non-nmethods': size=5760Kb used=2712Kb max_used=2756Kb free=3047Kb
 bounds [0x0000019a236e0000, 0x0000019a239a0000, 0x0000019a23c80000]
 total_blobs=6113 nmethods=5251 adapters=766
 compilation: enabled
              stopped_count=0, restarted_count=0
 full_count=0

Compilation events (20 events):
Event: 31.874 Thread 0x0000019a35084e70 5856       2       java.util.concurrent.atomic.AtomicIntegerArray::set (13 bytes)
Event: 31.875 Thread 0x0000019a35084e70 nmethod 5856 0x0000019a1cb4b190 code [0x0000019a1cb4b340, 0x0000019a1cb4b4b8]
Event: 31.875 Thread 0x0000019a35084e70 5858       2       groovyjarjarantlr4.v4.runtime.atn.SemanticContext::<init> (5 bytes)
Event: 31.875 Thread 0x0000019a35084e70 nmethod 5858 0x0000019a1cb4b610 code [0x0000019a1cb4b7a0, 0x0000019a1cb4b8a8]
Event: 31.876 Thread 0x0000019a394f0810 nmethod 5770 0x0000019a23f7e490 code [0x0000019a23f7e780, 0x0000019a23f804b0]
Event: 31.876 Thread 0x0000019a394f0810 5802       4       java.util.HashMap::resize (356 bytes)
Event: 31.877 Thread 0x0000019a35084e70 5859       2       groovyjarjarantlr4.v4.runtime.atn.NotSetTransition::matches (26 bytes)
Event: 31.877 Thread 0x0000019a35084e70 nmethod 5859 0x0000019a1cb4b990 code [0x0000019a1cb4bb40, 0x0000019a1cb4bca8]
Event: 31.877 Thread 0x0000019a35084e70 5860       2       groovyjarjarantlr4.v4.runtime.atn.ParserATNSimulator::execDFA (737 bytes)
Event: 31.880 Thread 0x0000019a35084e70 nmethod 5860 0x0000019a1cb4bd90 code [0x0000019a1cb4c280, 0x0000019a1cb4da88]
Event: 31.880 Thread 0x0000019a35084e70 5861       2       groovyjarjarantlr4.v4.runtime.atn.ParserATNSimulator::predTransition (66 bytes)
Event: 31.880 Thread 0x0000019a35084e70 nmethod 5861 0x0000019a1cb4eb10 code [0x0000019a1cb4ed00, 0x0000019a1cb4ef60]
Event: 31.882 Thread 0x0000019a35084e70 5862       2       java.util.TimSort::ensureCapacity (77 bytes)
Event: 31.883 Thread 0x0000019a35084e70 nmethod 5862 0x0000019a1cb4f110 code [0x0000019a1cb4f2e0, 0x0000019a1cb4f598]
Event: 31.883 Thread 0x0000019a35084e70 5863       2       groovyjarjarantlr4.v4.runtime.misc.Utils::equals (23 bytes)
Event: 31.883 Thread 0x0000019a35084e70 nmethod 5863 0x0000019a1cb4f790 code [0x0000019a1cb4f940, 0x0000019a1cb4fad0]
Event: 31.884 Thread 0x0000019a35084e70 5864       2       groovyjarjarantlr4.v4.runtime.dfa.EmptyEdgeMap::put (40 bytes)
Event: 31.884 Thread 0x0000019a35084e70 nmethod 5864 0x0000019a1cb4fb90 code [0x0000019a1cb4fd40, 0x0000019a1cb4ff20]
Event: 31.885 Thread 0x0000019a35084e70 5865       2       groovyjarjarantlr4.v4.runtime.dfa.SingletonEdgeMap::<init> (41 bytes)
Event: 32.896 Thread 0x0000019a35084e70 nmethod 5865 0x0000019a1cb50010 code [0x0000019a1cb501c0, 0x0000019a1cb503b8]

GC Heap History (20 events):
Event: 4.247 GC heap before
{Heap before GC invocations=5 (full 0):
 garbage-first heap   total 71680K, used 59159K [0x0000000080000000, 0x0000000100000000)
  region size 1024K, 42 young (43008K), 4 survivors (4096K)
 Metaspace       used 27878K, committed 28352K, reserved 1114112K
  class space    used 3499K, committed 3712K, reserved 1048576K
}
Event: 4.251 GC heap after
{Heap after GC invocations=6 (full 0):
 garbage-first heap   total 71680K, used 22499K [0x0000000080000000, 0x0000000100000000)
  region size 1024K, 3 young (3072K), 3 survivors (3072K)
 Metaspace       used 27878K, committed 28352K, reserved 1114112K
  class space    used 3499K, committed 3712K, reserved 1048576K
}
Event: 4.719 GC heap before
{Heap before GC invocations=6 (full 0):
 garbage-first heap   total 71680K, used 56291K [0x0000000080000000, 0x0000000100000000)
  region size 1024K, 36 young (36864K), 3 survivors (3072K)
 Metaspace       used 32239K, committed 32960K, reserved 1114112K
  class space    used 4281K, committed 4608K, reserved 1048576K
}
Event: 4.722 GC heap after
{Heap after GC invocations=7 (full 0):
 garbage-first heap   total 71680K, used 25077K [0x0000000080000000, 0x0000000100000000)
  region size 1024K, 5 young (5120K), 5 survivors (5120K)
 Metaspace       used 32239K, committed 32960K, reserved 1114112K
  class space    used 4281K, committed 4608K, reserved 1048576K
}
Event: 4.990 GC heap before
{Heap before GC invocations=7 (full 0):
 garbage-first heap   total 71680K, used 45557K [0x0000000080000000, 0x0000000100000000)
  region size 1024K, 26 young (26624K), 5 survivors (5120K)
 Metaspace       used 35172K, committed 35968K, reserved 1114112K
  class space    used 4800K, committed 5184K, reserved 1048576K
}
Event: 4.993 GC heap after
{Heap after GC invocations=8 (full 0):
 garbage-first heap   total 71680K, used 26270K [0x0000000080000000, 0x0000000100000000)
  region size 1024K, 4 young (4096K), 4 survivors (4096K)
 Metaspace       used 35172K, committed 35968K, reserved 1114112K
  class space    used 4800K, committed 5184K, reserved 1048576K
}
Event: 12.266 GC heap before
{Heap before GC invocations=9 (full 0):
 garbage-first heap   total 72704K, used 71326K [0x0000000080000000, 0x0000000100000000)
  region size 1024K, 21 young (21504K), 4 survivors (4096K)
 Metaspace       used 36513K, committed 37440K, reserved 1114112K
  class space    used 5026K, committed 5440K, reserved 1048576K
}
Event: 12.270 GC heap after
{Heap after GC invocations=10 (full 0):
 garbage-first heap   total 82944K, used 60798K [0x0000000080000000, 0x0000000100000000)
  region size 1024K, 5 young (5120K), 5 survivors (5120K)
 Metaspace       used 36513K, committed 37440K, reserved 1114112K
  class space    used 5026K, committed 5440K, reserved 1048576K
}
Event: 14.404 GC heap before
{Heap before GC invocations=10 (full 0):
 garbage-first heap   total 82944K, used 72062K [0x0000000080000000, 0x0000000100000000)
  region size 1024K, 16 young (16384K), 5 survivors (5120K)
 Metaspace       used 38094K, committed 38976K, reserved 1114112K
  class space    used 5242K, committed 5632K, reserved 1048576K
}
Event: 14.406 GC heap after
{Heap after GC invocations=11 (full 0):
 garbage-first heap   total 82944K, used 61207K [0x0000000080000000, 0x0000000100000000)
  region size 1024K, 1 young (1024K), 1 survivors (1024K)
 Metaspace       used 38094K, committed 38976K, reserved 1114112K
  class space    used 5242K, committed 5632K, reserved 1048576K
}
Event: 17.352 GC heap before
{Heap before GC invocations=11 (full 0):
 garbage-first heap   total 82944K, used 74519K [0x0000000080000000, 0x0000000100000000)
  region size 1024K, 14 young (14336K), 1 survivors (1024K)
 Metaspace       used 39969K, committed 40896K, reserved 1114112K
  class space    used 5550K, committed 6016K, reserved 1048576K
}
Event: 17.353 GC heap after
{Heap after GC invocations=12 (full 0):
 garbage-first heap   total 82944K, used 61758K [0x0000000080000000, 0x0000000100000000)
  region size 1024K, 2 young (2048K), 2 survivors (2048K)
 Metaspace       used 39969K, committed 40896K, reserved 1114112K
  class space    used 5550K, committed 6016K, reserved 1048576K
}
Event: 19.906 GC heap before
{Heap before GC invocations=13 (full 0):
 garbage-first heap   total 106496K, used 73022K [0x0000000080000000, 0x0000000100000000)
  region size 1024K, 13 young (13312K), 2 survivors (2048K)
 Metaspace       used 41532K, committed 42560K, reserved 1114112K
  class space    used 5784K, committed 6272K, reserved 1048576K
}
Event: 19.908 GC heap after
{Heap after GC invocations=14 (full 0):
 garbage-first heap   total 128000K, used 63024K [0x0000000080000000, 0x0000000100000000)
  region size 1024K, 2 young (2048K), 2 survivors (2048K)
 Metaspace       used 41532K, committed 42560K, reserved 1114112K
  class space    used 5784K, committed 6272K, reserved 1048576K
}
Event: 29.956 GC heap before
{Heap before GC invocations=14 (full 0):
 garbage-first heap   total 128000K, used 117296K [0x0000000080000000, 0x0000000100000000)
  region size 1024K, 51 young (52224K), 2 survivors (2048K)
 Metaspace       used 48107K, committed 49088K, reserved 1114112K
  class space    used 6412K, committed 6912K, reserved 1048576K
}
Event: 29.960 GC heap after
{Heap after GC invocations=15 (full 0):
 garbage-first heap   total 128000K, used 67478K [0x0000000080000000, 0x0000000100000000)
  region size 1024K, 7 young (7168K), 7 survivors (7168K)
 Metaspace       used 48107K, committed 49088K, reserved 1114112K
  class space    used 6412K, committed 6912K, reserved 1048576K
}
Event: 30.702 GC heap before
{Heap before GC invocations=15 (full 0):
 garbage-first heap   total 128000K, used 112534K [0x0000000080000000, 0x0000000100000000)
  region size 1024K, 51 young (52224K), 7 survivors (7168K)
 Metaspace       used 53372K, committed 54784K, reserved 1114112K
  class space    used 7269K, committed 7936K, reserved 1048576K
}
Event: 30.707 GC heap after
{Heap after GC invocations=16 (full 0):
 garbage-first heap   total 128000K, used 69761K [0x0000000080000000, 0x0000000100000000)
  region size 1024K, 3 young (3072K), 3 survivors (3072K)
 Metaspace       used 53372K, committed 54784K, reserved 1114112K
  class space    used 7269K, committed 7936K, reserved 1048576K
}
Event: 31.609 GC heap before
{Heap before GC invocations=17 (full 0):
 garbage-first heap   total 128000K, used 114817K [0x0000000080000000, 0x0000000100000000)
  region size 1024K, 46 young (47104K), 3 survivors (3072K)
 Metaspace       used 58337K, committed 59968K, reserved 1114112K
  class space    used 8101K, committed 8896K, reserved 1048576K
}
Event: 31.612 GC heap after
{Heap after GC invocations=18 (full 0):
 garbage-first heap   total 128000K, used 75667K [0x0000000080000000, 0x0000000100000000)
  region size 1024K, 6 young (6144K), 6 survivors (6144K)
 Metaspace       used 58337K, committed 59968K, reserved 1114112K
  class space    used 8101K, committed 8896K, reserved 1048576K
}

Dll operation events (3 events):
Event: 0.013 Loaded shared library C:\Program Files\Android\Android Studio1\jbr\bin\java.dll
Event: 0.020 Loaded shared library C:\Program Files\Android\Android Studio1\jbr\bin\zip.dll
Event: 0.717 Loaded shared library C:\Program Files\Android\Android Studio1\jbr\bin\verify.dll

Deoptimization events (20 events):
Event: 31.827 Thread 0x0000019a36d5ee30 Uncommon trap: trap_request=0xffffff45 fr.pc=0x0000019a23d1cd64 relative=0x00000000000000c4
Event: 31.827 Thread 0x0000019a36d5ee30 Uncommon trap: reason=unstable_if action=reinterpret pc=0x0000019a23d1cd64 method=java.lang.String.codePointAt(I)I @ 4 c2
Event: 31.827 Thread 0x0000019a36d5ee30 DEOPT PACKING pc=0x0000019a23d1cd64 sp=0x00000067928f4060
Event: 31.827 Thread 0x0000019a36d5ee30 DEOPT UNPACKING pc=0x0000019a237346a2 sp=0x00000067928f3ff8 mode 2
Event: 31.827 Thread 0x0000019a36d5ee30 Uncommon trap: trap_request=0xffffff45 fr.pc=0x0000019a23c8910c relative=0x000000000000006c
Event: 31.827 Thread 0x0000019a36d5ee30 Uncommon trap: reason=unstable_if action=reinterpret pc=0x0000019a23c8910c method=java.lang.String.isLatin1()Z @ 10 c2
Event: 31.827 Thread 0x0000019a36d5ee30 DEOPT PACKING pc=0x0000019a23c8910c sp=0x00000067928f4000
Event: 31.827 Thread 0x0000019a36d5ee30 DEOPT UNPACKING pc=0x0000019a237346a2 sp=0x00000067928f3f90 mode 2
Event: 31.847 Thread 0x0000019a36d5ee30 Uncommon trap: trap_request=0xffffff45 fr.pc=0x0000019a23f79a0c relative=0x0000000000001b6c
Event: 31.847 Thread 0x0000019a36d5ee30 Uncommon trap: reason=unstable_if action=reinterpret pc=0x0000019a23f79a0c method=groovyjarjarantlr4.v4.runtime.atn.ATNConfig.isPrecedenceFilterSuppressed()Z @ 7 c2
Event: 31.847 Thread 0x0000019a36d5ee30 DEOPT PACKING pc=0x0000019a23f79a0c sp=0x00000067928f3bc0
Event: 31.847 Thread 0x0000019a36d5ee30 DEOPT UNPACKING pc=0x0000019a237346a2 sp=0x00000067928f3b40 mode 2
Event: 31.859 Thread 0x0000019a36d5ee30 Uncommon trap: trap_request=0xffffff45 fr.pc=0x0000019a23f6da54 relative=0x0000000000000554
Event: 31.859 Thread 0x0000019a36d5ee30 Uncommon trap: reason=unstable_if action=reinterpret pc=0x0000019a23f6da54 method=groovyjarjarantlr4.v4.runtime.atn.ATNConfig.transform(Lgroovyjarjarantlr4/v4/runtime/atn/ATNState;Lgroovyjarjarantlr4/v4/runtime/atn/PredictionContext;Lgroovyjarjarantlr4/v4
Event: 31.859 Thread 0x0000019a36d5ee30 DEOPT PACKING pc=0x0000019a23f6da54 sp=0x00000067928f58f0
Event: 31.859 Thread 0x0000019a36d5ee30 DEOPT UNPACKING pc=0x0000019a237346a2 sp=0x00000067928f5828 mode 2
Event: 31.859 Thread 0x0000019a36d5ee30 Uncommon trap: trap_request=0xffffff45 fr.pc=0x0000019a23f6b794 relative=0x00000000000004b4
Event: 31.859 Thread 0x0000019a36d5ee30 Uncommon trap: reason=unstable_if action=reinterpret pc=0x0000019a23f6b794 method=groovyjarjarantlr4.v4.runtime.atn.ATNConfig.transform(Lgroovyjarjarantlr4/v4/runtime/atn/ATNState;Lgroovyjarjarantlr4/v4/runtime/atn/PredictionContext;Lgroovyjarjarantlr4/v4
Event: 31.859 Thread 0x0000019a36d5ee30 DEOPT PACKING pc=0x0000019a23f6b794 sp=0x00000067928f5770
Event: 31.859 Thread 0x0000019a36d5ee30 DEOPT UNPACKING pc=0x0000019a237346a2 sp=0x00000067928f5748 mode 2

Classes loaded (20 events):
Event: 31.828 Loading class java/util/stream/ReferencePipeline$4
Event: 31.828 Loading class java/util/stream/IntPipeline$StatelessOp
Event: 31.828 Loading class java/util/stream/IntPipeline$StatelessOp done
Event: 31.828 Loading class java/util/stream/ReferencePipeline$4 done
Event: 31.828 Loading class java/util/stream/SortedOps$OfInt
Event: 31.829 Loading class java/util/stream/IntPipeline$StatefulOp
Event: 31.829 Loading class java/util/stream/IntPipeline$StatefulOp done
Event: 31.829 Loading class java/util/stream/SortedOps$OfInt done
Event: 31.829 Loading class java/util/stream/Nodes$IntFixedNodeBuilder
Event: 31.829 Loading class java/util/stream/Node$Builder$OfInt
Event: 31.829 Loading class java/util/stream/Node$Builder$OfInt done
Event: 31.829 Loading class java/util/stream/Nodes$IntArrayNode
Event: 31.830 Loading class java/util/stream/Nodes$IntArrayNode done
Event: 31.830 Loading class java/util/stream/Nodes$IntFixedNodeBuilder done
Event: 31.830 Loading class java/util/stream/SortedOps$SizedIntSortingSink
Event: 31.830 Loading class java/util/stream/SortedOps$AbstractIntSortingSink
Event: 31.830 Loading class java/util/stream/SortedOps$AbstractIntSortingSink done
Event: 31.830 Loading class java/util/stream/SortedOps$SizedIntSortingSink done
Event: 31.830 Loading class java/util/stream/ReferencePipeline$4$1
Event: 31.830 Loading class java/util/stream/ReferencePipeline$4$1 done

Classes unloaded (0 events):
No events

Classes redefined (0 events):
No events

Internal exceptions (20 events):
Event: 30.877 Thread 0x0000019a36d5ee30 Exception <a 'java/lang/ClassNotFoundException'{0x0000000086ea47e0}: sync_studio_tooling11_1lj3s4m3m4xonii6r9ep6vphh$_run_closure1Customizer> (0x0000000086ea47e0) 
thrown [s\src\hotspot\share\classfile\systemDictionary.cpp, line 312]
Event: 30.915 Thread 0x0000019a36d5ee30 Exception <a 'java/lang/NoSuchMethodError'{0x0000000086b61ba0}: 'java.lang.Object java.lang.invoke.DirectMethodHandle$Holder.newInvokeSpecial(java.lang.Object, int, java.lang.Object)'> (0x0000000086b61ba0) 
thrown [s\src\hotspot\share\interpreter\linkResolver.cpp, line 784]
Event: 31.027 Thread 0x0000019a36d5ee30 Exception <a 'java/lang/NoSuchMethodError'{0x00000000862197f8}: 'java.lang.Object java.lang.invoke.DirectMethodHandle$Holder.invokeSpecial(java.lang.Object, java.lang.Object, long, java.lang.Object, java.lang.Object)'> (0x00000000862197f8) 
thrown [s\src\hotspot\share\interpreter\linkResolver.cpp, line 784]
Event: 31.097 Thread 0x0000019a36d5ee30 Exception <a 'java/lang/NoSuchMethodError'{0x0000000085e3ae08}: 'int java.lang.invoke.DirectMethodHandle$Holder.invokeInterface(java.lang.Object, java.lang.Object, java.lang.Object, java.lang.Object, java.lang.Object)'> (0x0000000085e3ae08) 
thrown [s\src\hotspot\share\interpreter\linkResolver.cpp, line 784]
Event: 31.118 Thread 0x0000019a36d5ee30 Exception <a 'java/lang/NoSuchMethodError'{0x0000000085d68350}: 'java.lang.Object java.lang.invoke.DirectMethodHandle$Holder.newInvokeSpecial(java.lang.Object, java.lang.Object, java.lang.Object, java.lang.Object, int, java.lang.Object)'> (0x0000000085d68350) 
thrown [s\src\hotspot\share\interpreter\linkResolver.cpp, line 784]
Event: 31.119 Thread 0x0000019a36d5ee30 Exception <a 'java/lang/NoSuchMethodError'{0x0000000085d70b90}: 'java.lang.Object java.lang.invoke.Invokers$Holder.linkToTargetMethod(java.lang.Object, java.lang.Object, java.lang.Object, int, java.lang.Object, java.lang.Object)'> (0x0000000085d70b90) 
thrown [s\src\hotspot\share\interpreter\linkResolver.cpp, line 784]
Event: 31.182 Thread 0x0000019a36d5ee30 Exception <a 'java/lang/NoSuchMethodError'{0x000000008598e9c8}: 'java.lang.Object java.lang.invoke.DirectMethodHandle$Holder.invokeSpecialIFC(java.lang.Object, java.lang.Object, java.lang.Object)'> (0x000000008598e9c8) 
thrown [s\src\hotspot\share\interpreter\linkResolver.cpp, line 784]
Event: 31.425 Thread 0x0000019a36d5ee30 Exception <a 'java/lang/ClassNotFoundException'{0x000000008555adb0}: sync_studio_tooling11_1lj3s4m3m4xonii6r9ep6vphhBeanInfo> (0x000000008555adb0) 
thrown [s\src\hotspot\share\classfile\systemDictionary.cpp, line 312]
Event: 31.425 Thread 0x0000019a36d5ee30 Exception <a 'java/lang/ClassNotFoundException'{0x0000000085562950}: sync_studio_tooling11_1lj3s4m3m4xonii6r9ep6vphhCustomizer> (0x0000000085562950) 
thrown [s\src\hotspot\share\classfile\systemDictionary.cpp, line 312]
Event: 31.470 Thread 0x0000019a36d5ee30 Exception <a 'java/lang/ClassNotFoundException'{0x00000000855e79f0}: sun/misc/SharedSecrets> (0x00000000855e79f0) 
thrown [s\src\hotspot\share\classfile\systemDictionary.cpp, line 312]
Event: 31.470 Thread 0x0000019a36d5ee30 Exception <a 'java/lang/ClassNotFoundException'{0x00000000855e8d38}: org/gradle/util/GradleVersionBeanInfo> (0x00000000855e8d38) 
thrown [s\src\hotspot\share\classfile\systemDictionary.cpp, line 312]
Event: 31.471 Thread 0x0000019a36d5ee30 Exception <a 'java/lang/ClassNotFoundException'{0x00000000855f91e8}: org/gradle/util/GradleVersionCustomizer> (0x00000000855f91e8) 
thrown [s\src\hotspot\share\classfile\systemDictionary.cpp, line 312]
Event: 31.477 Thread 0x0000019a36d5ee30 Exception <a 'java/lang/ClassNotFoundException'{0x000000008543d3b0}: org/gradle/util/internal/DefaultGradleVersionBeanInfo> (0x000000008543d3b0) 
thrown [s\src\hotspot\share\classfile\systemDictionary.cpp, line 312]
Event: 31.477 Thread 0x0000019a36d5ee30 Exception <a 'java/lang/ClassNotFoundException'{0x000000008544e108}: org/gradle/util/internal/DefaultGradleVersionCustomizer> (0x000000008544e108) 
thrown [s\src\hotspot\share\classfile\systemDictionary.cpp, line 312]
Event: 31.485 Thread 0x0000019a36d5ee30 Exception <a 'java/lang/ClassNotFoundException'{0x00000000854c6118}: org/gradle/invocation/DefaultGradle$DefaultGradleLifecycle_DecoratedBeanInfo> (0x00000000854c6118) 
thrown [s\src\hotspot\share\classfile\systemDictionary.cpp, line 312]
Event: 31.485 Thread 0x0000019a36d5ee30 Exception <a 'java/lang/ClassNotFoundException'{0x00000000854d7990}: org/gradle/invocation/DefaultGradle$DefaultGradleLifecycleBeanInfo> (0x00000000854d7990) 
thrown [s\src\hotspot\share\classfile\systemDictionary.cpp, line 312]
Event: 31.486 Thread 0x0000019a36d5ee30 Exception <a 'java/lang/ClassNotFoundException'{0x00000000854e8b10}: org/gradle/invocation/DefaultGradle$DefaultGradleLifecycleCustomizer> (0x00000000854e8b10) 
thrown [s\src\hotspot\share\classfile\systemDictionary.cpp, line 312]
Event: 31.487 Thread 0x0000019a36d5ee30 Exception <a 'java/lang/ClassNotFoundException'{0x00000000854fde50}: org/gradle/invocation/DefaultGradle$DefaultGradleLifecycle_DecoratedCustomizer> (0x00000000854fde50) 
thrown [s\src\hotspot\share\classfile\systemDictionary.cpp, line 312]
Event: 31.503 Thread 0x0000019a36d5ee30 Exception <a 'java/lang/IncompatibleClassChangeError'{0x00000000853d5f50}: Found class java.lang.Object, but interface was expected> (0x00000000853d5f50) 
thrown [s\src\hotspot\share\interpreter\linkResolver.cpp, line 851]
Event: 31.579 Thread 0x0000019a36d5ee30 Exception <a 'java/lang/NoSuchMethodError'{0x000000008505fcb8}: 'void java.lang.invoke.Invokers$Holder.invokeExact_MT(java.lang.Object, java.lang.Object, java.lang.Object, java.lang.Object)'> (0x000000008505fcb8) 
thrown [s\src\hotspot\share\interpreter\linkResolver.cpp, line 784]

ZGC Phase Switch (0 events):
No events

VM Operations (20 events):
Event: 30.726 Executing VM operation: G1PauseRemark done
Event: 30.733 Executing VM operation: G1PauseCleanup
Event: 30.733 Executing VM operation: G1PauseCleanup done
Event: 31.003 Executing VM operation: HandshakeAllThreads (Deoptimize)
Event: 31.003 Executing VM operation: HandshakeAllThreads (Deoptimize) done
Event: 31.101 Executing VM operation: HandshakeAllThreads (Deoptimize)
Event: 31.101 Executing VM operation: HandshakeAllThreads (Deoptimize) done
Event: 31.486 Executing VM operation: ICBufferFull
Event: 31.486 Executing VM operation: ICBufferFull done
Event: 31.608 Executing VM operation: G1CollectForAllocation (G1 Evacuation Pause)
Event: 31.612 Executing VM operation: G1CollectForAllocation (G1 Evacuation Pause) done
Event: 31.748 Executing VM operation: HandshakeAllThreads (Deoptimize)
Event: 31.749 Executing VM operation: HandshakeAllThreads (Deoptimize) done
Event: 31.754 Executing VM operation: HandshakeAllThreads (Deoptimize)
Event: 31.754 Executing VM operation: HandshakeAllThreads (Deoptimize) done
Event: 31.769 Executing VM operation: HandshakeAllThreads (Deoptimize)
Event: 31.770 Executing VM operation: HandshakeAllThreads (Deoptimize) done
Event: 31.779 Executing VM operation: ICBufferFull
Event: 31.779 Executing VM operation: ICBufferFull done
Event: 32.788 Executing VM operation: Cleanup

Memory protections (0 events):
No events

Nmethod flushes (20 events):
Event: 30.726 Thread 0x0000019a30b7c810 flushing  nmethod 0x0000019a1c6d3390
Event: 30.726 Thread 0x0000019a30b7c810 flushing  nmethod 0x0000019a23c9e010
Event: 30.726 Thread 0x0000019a30b7c810 flushing  nmethod 0x0000019a23d0cb90
Event: 30.726 Thread 0x0000019a30b7c810 flushing  nmethod 0x0000019a23d0e990
Event: 30.726 Thread 0x0000019a30b7c810 flushing  nmethod 0x0000019a23e20390
Event: 30.726 Thread 0x0000019a30b7c810 flushing  nmethod 0x0000019a1c20bd90
Event: 30.726 Thread 0x0000019a30b7c810 flushing  nmethod 0x0000019a1c20c210
Event: 30.726 Thread 0x0000019a30b7c810 flushing  nmethod 0x0000019a1c258310
Event: 30.726 Thread 0x0000019a30b7c810 flushing  nmethod 0x0000019a1c2d0490
Event: 30.726 Thread 0x0000019a30b7c810 flushing  nmethod 0x0000019a1c2d0d10
Event: 30.726 Thread 0x0000019a30b7c810 flushing  nmethod 0x0000019a1c344f90
Event: 30.726 Thread 0x0000019a30b7c810 flushing  nmethod 0x0000019a1c346010
Event: 30.726 Thread 0x0000019a30b7c810 flushing  nmethod 0x0000019a1c48e410
Event: 30.726 Thread 0x0000019a30b7c810 flushing  nmethod 0x0000019a1c493110
Event: 30.726 Thread 0x0000019a30b7c810 flushing  nmethod 0x0000019a1c495e10
Event: 30.726 Thread 0x0000019a30b7c810 flushing  nmethod 0x0000019a1c5a0510
Event: 30.726 Thread 0x0000019a30b7c810 flushing  nmethod 0x0000019a1c5e6210
Event: 30.726 Thread 0x0000019a30b7c810 flushing  nmethod 0x0000019a1c5e7d10
Event: 30.726 Thread 0x0000019a30b7c810 flushing  nmethod 0x0000019a1c63fd10
Event: 30.726 Thread 0x0000019a30b7c810 flushing  nmethod 0x0000019a1c694a90

Events (20 events):
Event: 7.702 Thread 0x0000019a35084e70 Thread added: 0x0000019a36302850
Event: 7.912 Thread 0x0000019a36302850 Thread exited: 0x0000019a36302850
Event: 16.794 Thread 0x0000019a3506af60 Thread added: 0x0000019a36334090
Event: 17.144 Thread 0x0000019a36334090 Thread exited: 0x0000019a36334090
Event: 19.806 Thread 0x0000019a35084e70 Thread added: 0x0000019a39375070
Event: 20.966 Thread 0x0000019a39375070 Thread exited: 0x0000019a39375070
Event: 28.156 Thread 0x0000019a3506af60 Thread added: 0x0000019a36334030
Event: 28.671 Thread 0x0000019a36334030 Thread exited: 0x0000019a36334030
Event: 29.204 Thread 0x0000019a35084e70 Thread added: 0x0000019a371571b0
Event: 29.646 Thread 0x0000019a35084e70 Thread added: 0x0000019a36245a70
Event: 29.668 Thread 0x0000019a36d5ee30 Thread added: 0x0000019a3894ef50
Event: 29.726 Thread 0x0000019a36d5ee30 Thread added: 0x0000019a3894f5e0
Event: 30.419 Thread 0x0000019a36d5ee30 Thread added: 0x0000019a3894dba0
Event: 30.467 Thread 0x0000019a36d5ee30 Thread added: 0x0000019a3894e230
Event: 31.028 Thread 0x0000019a36245a70 Thread exited: 0x0000019a36245a70
Event: 31.136 Thread 0x0000019a36d5ee30 Thread added: 0x0000019a3737a8a0
Event: 31.137 Thread 0x0000019a36d5ee30 Thread added: 0x0000019a37378140
Event: 31.183 Thread 0x0000019a36d5ee30 Thread added: 0x0000019a3737a210
Event: 31.183 Thread 0x0000019a36d5ee30 Thread added: 0x0000019a373787d0
Event: 31.781 Thread 0x0000019a35084e70 Thread added: 0x0000019a394f0810


Dynamic libraries:
0x00007ff787340000 - 0x00007ff78734a000 	C:\Program Files\Android\Android Studio1\jbr\bin\java.exe
0x00007ffca92e0000 - 0x00007ffca9547000 	C:\Windows\SYSTEM32\ntdll.dll
0x00007ffca8500000 - 0x00007ffca85c9000 	C:\Windows\System32\KERNEL32.DLL
0x00007ffca64e0000 - 0x00007ffca68cf000 	C:\Windows\System32\KERNELBASE.dll
0x00007ffca6c50000 - 0x00007ffca6d9b000 	C:\Windows\System32\ucrtbase.dll
0x00007ffc5a970000 - 0x00007ffc5a988000 	C:\Program Files\Android\Android Studio1\jbr\bin\jli.dll
0x00007ffca2ae0000 - 0x00007ffca2afb000 	C:\Program Files\Android\Android Studio1\jbr\bin\VCRUNTIME140.dll
0x00007ffca89a0000 - 0x00007ffca8b65000 	C:\Windows\System32\USER32.dll
0x00007ffca6f20000 - 0x00007ffca6f47000 	C:\Windows\System32\win32u.dll
0x00007ffca80d0000 - 0x00007ffca80fb000 	C:\Windows\System32\GDI32.dll
0x00007ffca6f50000 - 0x00007ffca707c000 	C:\Windows\System32\gdi32full.dll
0x00007ffca6a30000 - 0x00007ffca6ad3000 	C:\Windows\System32\msvcp_win.dll
0x00007ffc96610000 - 0x00007ffc968a3000 	C:\Windows\WinSxS\amd64_microsoft.windows.common-controls_6595b64144ccf1df_6.0.26100.7309_none_3e05feeae336a044\COMCTL32.dll
0x00007ffca7e80000 - 0x00007ffca7f29000 	C:\Windows\System32\msvcrt.dll
0x00007ffca8420000 - 0x00007ffca8451000 	C:\Windows\System32\IMM32.DLL
0x00007ffc9a2a0000 - 0x00007ffc9a2ac000 	C:\Program Files\Android\Android Studio1\jbr\bin\vcruntime140_1.dll
0x00007ffc2ced0000 - 0x00007ffc2cf5d000 	C:\Program Files\Android\Android Studio1\jbr\bin\msvcp140.dll
0x00007ffc2a010000 - 0x00007ffc2ac9e000 	C:\Program Files\Android\Android Studio1\jbr\bin\server\jvm.dll
0x00007ffca82e0000 - 0x00007ffca8394000 	C:\Windows\System32\ADVAPI32.dll
0x00007ffca7dd0000 - 0x00007ffca7e76000 	C:\Windows\System32\sechost.dll
0x00007ffca78a0000 - 0x00007ffca79b8000 	C:\Windows\System32\RPCRT4.dll
0x00007ffca8470000 - 0x00007ffca84e4000 	C:\Windows\System32\WS2_32.dll
0x00007ffca6290000 - 0x00007ffca62ee000 	C:\Windows\SYSTEM32\POWRPROF.dll
0x00007ffca2e00000 - 0x00007ffca2e35000 	C:\Windows\SYSTEM32\WINMM.dll
0x00007ffc9ed70000 - 0x00007ffc9ed7b000 	C:\Windows\SYSTEM32\VERSION.dll
0x00007ffca6270000 - 0x00007ffca6284000 	C:\Windows\SYSTEM32\UMPDC.dll
0x00007ffca51e0000 - 0x00007ffca51fb000 	C:\Windows\SYSTEM32\kernel.appcore.dll
0x00007ffc9a290000 - 0x00007ffc9a29a000 	C:\Program Files\Android\Android Studio1\jbr\bin\jimage.dll
0x00007ffca3be0000 - 0x00007ffca3e22000 	C:\Windows\SYSTEM32\DBGHELP.DLL
0x00007ffca79c0000 - 0x00007ffca7d46000 	C:\Windows\System32\combase.dll
0x00007ffca8100000 - 0x00007ffca81d6000 	C:\Windows\System32\OLEAUT32.dll
0x00007ffca2dc0000 - 0x00007ffca2dfc000 	C:\Windows\SYSTEM32\dbgcore.DLL
0x00007ffca6430000 - 0x00007ffca64d5000 	C:\Windows\System32\bcryptPrimitives.dll
0x00007ffc9a380000 - 0x00007ffc9a38e000 	C:\Program Files\Android\Android Studio1\jbr\bin\instrument.dll
0x00007ffc9a270000 - 0x00007ffc9a290000 	C:\Program Files\Android\Android Studio1\jbr\bin\java.dll
0x00007ffc9a250000 - 0x00007ffc9a268000 	C:\Program Files\Android\Android Studio1\jbr\bin\zip.dll
0x00007ffca7130000 - 0x00007ffca7883000 	C:\Windows\System32\SHELL32.dll
0x00007ffca6ae0000 - 0x00007ffca6c4a000 	C:\Windows\System32\wintypes.dll
0x00007ffca4010000 - 0x00007ffca486e000 	C:\Windows\SYSTEM32\windows.storage.dll
0x00007ffca86d0000 - 0x00007ffca87c5000 	C:\Windows\System32\SHCORE.dll
0x00007ffca8b70000 - 0x00007ffca8bd6000 	C:\Windows\System32\shlwapi.dll
0x00007ffca6350000 - 0x00007ffca6379000 	C:\Windows\SYSTEM32\profapi.dll
0x00007ffc9a240000 - 0x00007ffc9a250000 	C:\Program Files\Android\Android Studio1\jbr\bin\net.dll
0x00007ffc9ec30000 - 0x00007ffc9ed58000 	C:\Windows\SYSTEM32\WINHTTP.dll
0x00007ffca5750000 - 0x00007ffca57bb000 	C:\Windows\system32\mswsock.dll
0x00007ffc99f80000 - 0x00007ffc99f96000 	C:\Program Files\Android\Android Studio1\jbr\bin\nio.dll
0x00007ffc90300000 - 0x00007ffc90310000 	C:\Program Files\Android\Android Studio1\jbr\bin\verify.dll
0x00007ffc70e20000 - 0x00007ffc70e47000 	C:\Users\Lenovo\.gradle\native\1def1411415f61bf3af743bc5b6707747c0891f09f0c88961ee8f79bc544acac\windows-amd64\native-platform.dll
0x00007ffc3d560000 - 0x00007ffc3d5d8000 	C:\Users\Lenovo\.gradle\native\0.2.7\x86_64-windows-gnu\gradle-fileevents.dll
0x00007ffc99f70000 - 0x00007ffc99f79000 	C:\Program Files\Android\Android Studio1\jbr\bin\management.dll
0x00007ffc99f50000 - 0x00007ffc99f5b000 	C:\Program Files\Android\Android Studio1\jbr\bin\management_ext.dll
0x00007ffca84f0000 - 0x00007ffca84f8000 	C:\Windows\System32\PSAPI.DLL
0x00007ffca4d20000 - 0x00007ffca4d54000 	C:\Windows\SYSTEM32\IPHLPAPI.DLL
0x00007ffca7890000 - 0x00007ffca789a000 	C:\Windows\System32\NSI.dll
0x00007ffc99f60000 - 0x00007ffc99f69000 	C:\Program Files\Android\Android Studio1\jbr\bin\extnet.dll
0x00007ffca5a20000 - 0x00007ffca5a3b000 	C:\Windows\SYSTEM32\CRYPTSP.dll
0x00007ffca5140000 - 0x00007ffca517a000 	C:\Windows\system32\rsaenh.dll
0x00007ffca5800000 - 0x00007ffca582b000 	C:\Windows\SYSTEM32\USERENV.dll
0x00007ffca6320000 - 0x00007ffca634a000 	C:\Windows\SYSTEM32\bcrypt.dll
0x00007ffca5a10000 - 0x00007ffca5a1c000 	C:\Windows\SYSTEM32\CRYPTBASE.dll
0x00007ffc98bf0000 - 0x00007ffc98bf8000 	C:\Windows\system32\wshunix.dll

dbghelp: loaded successfully - version: 4.0.5 - missing functions: none
symbol engine: initialized successfully - sym options: 0x614 - pdb path: .;C:\Program Files\Android\Android Studio1\jbr\bin;C:\Windows\SYSTEM32;C:\Windows\WinSxS\amd64_microsoft.windows.common-controls_6595b64144ccf1df_6.0.26100.7309_none_3e05feeae336a044;C:\Program Files\Android\Android Studio1\jbr\bin\server;C:\Users\Lenovo\.gradle\native\1def1411415f61bf3af743bc5b6707747c0891f09f0c88961ee8f79bc544acac\windows-amd64;C:\Users\Lenovo\.gradle\native\0.2.7\x86_64-windows-gnu

VM Arguments:
jvm_args: --add-opens=java.base/java.lang=ALL-UNNAMED --add-opens=java.base/java.lang.invoke=ALL-UNNAMED --add-opens=java.base/java.util=ALL-UNNAMED --add-opens=java.prefs/java.util.prefs=ALL-UNNAMED --add-exports=jdk.compiler/com.sun.tools.javac.api=ALL-UNNAMED --add-exports=jdk.compiler/com.sun.tools.javac.util=ALL-UNNAMED --add-opens=java.base/java.util=ALL-UNNAMED --add-opens=java.prefs/java.util.prefs=ALL-UNNAMED --add-opens=java.base/java.nio.charset=ALL-UNNAMED --add-opens=java.base/java.net=ALL-UNNAMED --add-opens=java.base/java.util.concurrent.atomic=ALL-UNNAMED --add-opens=java.xml/javax.xml.namespace=ALL-UNNAMED -Xmx2048m -Dfile.encoding=UTF-8 -Duser.country=ID -Duser.language=en -Duser.variant -javaagent:C:\Users\Lenovo\.gradle\wrapper\dists\gradle-8.13-bin\5xuhj0ry160q40clulazy9h7d\gradle-8.13\lib\agents\gradle-instrumentation-agent-8.13.jar 
java_command: org.gradle.launcher.daemon.bootstrap.GradleDaemon 8.13
java_class_path (initial): C:\Users\Lenovo\.gradle\wrapper\dists\gradle-8.13-bin\5xuhj0ry160q40clulazy9h7d\gradle-8.13\lib\gradle-daemon-main-8.13.jar
Launcher Type: SUN_STANDARD

[Global flags]
     intx CICompilerCount                          = 4                                         {product} {ergonomic}
     uint ConcGCThreads                            = 3                                         {product} {ergonomic}
     uint G1ConcRefinementThreads                  = 10                                        {product} {ergonomic}
   size_t G1HeapRegionSize                         = 1048576                                   {product} {ergonomic}
    uintx GCDrainStackTargetSize                   = 64                                        {product} {ergonomic}
   size_t InitialHeapSize                          = 98566144                                  {product} {ergonomic}
   size_t MarkStackSize                            = 4194304                                   {product} {ergonomic}
   size_t MaxHeapSize                              = 2147483648                                {product} {command line}
   size_t MaxNewSize                               = 1287651328                                {product} {ergonomic}
   size_t MinHeapDeltaBytes                        = 1048576                                   {product} {ergonomic}
   size_t MinHeapSize                              = 8388608                                   {product} {ergonomic}
    uintx NonNMethodCodeHeapSize                   = 5839372                                {pd product} {ergonomic}
    uintx NonProfiledCodeHeapSize                  = 122909434                              {pd product} {ergonomic}
    uintx ProfiledCodeHeapSize                     = 122909434                              {pd product} {ergonomic}
    uintx ReservedCodeCacheSize                    = 251658240                              {pd product} {ergonomic}
     bool SegmentedCodeCache                       = true                                      {product} {ergonomic}
   size_t SoftMaxHeapSize                          = 2147483648                             {manageable} {ergonomic}
     bool UseCompressedOops                        = true                           {product lp64_product} {ergonomic}
     bool UseG1GC                                  = true                                      {product} {ergonomic}
     bool UseLargePagesIndividualAllocation        = false                                  {pd product} {ergonomic}

Logging:
Log output configuration:
 #0: stdout all=warning uptime,level,tags foldmultilines=false
 #1: stderr all=off uptime,level,tags foldmultilines=false

Environment Variables:
JAVA_HOME=C:\Program Files\Java\jdk-24
PATH=C:\Program Files\Common Files\Oracle\Java\javapath;C:\Program Files (x86)\Common Files\Oracle\Java\java8path;C:\Program Files (x86)\Common Files\Oracle\Java\javapath;C:\Program Files\Python313\Scripts\;C:\Program Files\Python313\;C:\Windows\system32;C:\Windows;C:\Windows\System32\Wbem;C:\Windows\System32\WindowsPowerShell\v1.0\;C:\Windows\System32\OpenSSH\;C:\Program Files\Microsoft SQL Server\150\Tools\Binn\;C:\php;C:\Program Files\Microsoft SQL Server\Client SDK\ODBC\170\Tools\Binn\;C:\Program Files\dotnet\;C:\Program Files (x86)\Windows Kits\10\Windows Performance Toolkit\;C:\ProgramData\chocolatey\bin;C:\Program Files\Git\cmd;C:\Program Files (x86)\Microsoft SQL Server\160\Tools\Binn\;C:\Program Files\Microsoft SQL Server\160\Tools\Binn\;C:\Program Files\Microsoft SQL Server\160\DTS\Binn\;C:\Program Files (x86)\Microsoft SQL Server\160\DTS\Binn\;C:\Program Files\Azure Data Studio\bin;C:\Program Files\nodejs\;C:\Program Files\MySQL\MySQL Shell 8.0\bin\;C:\Users\Lenovo\AppData\Local\Microsoft\WindowsApps;C:\Users\Lenovo\AppData\Local\Programs\Microsoft VS Code\bin;C:\php;C:\Users\Lenovo\.dotnet\tools;C:\Program Files\Azure Data Studio\bin;C:\Users\Lenovo\AppData\Roaming\npm;C:\Users\Lenovo\AppData\Local\Programs\Antigravity\bin
USERNAME=Lenovo
OS=Windows_NT
PROCESSOR_IDENTIFIER=AMD64 Family 25 Model 80 Stepping 0, AuthenticAMD
TMP=C:\Users\Lenovo\AppData\Local\Temp
TEMP=C:\Users\Lenovo\AppData\Local\Temp




Periodic native trim disabled

JNI global refs:
JNI global refs: 29, weak refs: 22

JNI global refs memory usage: 835, weak refs: 833

Process memory usage:
Resident Set Size: 296916K (4% of 6131576K total physical memory with 649576K free physical memory)

OOME stack traces (most recent first):
Classloader memory used:
Loader org.gradle.internal.classloader.VisitableURLClassLoader                         : 29769K
Loader bootstrap                                                                       : 22618K
Loader org.gradle.initialization.MixInLegacyTypesClassLoader                           : 6503K
Loader org.gradle.internal.classloader.VisitableURLClassLoader                         : 733K
Loader jdk.internal.loader.ClassLoaders$PlatformClassLoader                            : 498K
Loader jdk.internal.loader.ClassLoaders$AppClassLoader                                 : 235K
Loader jdk.internal.reflect.DelegatingClassLoader                                      : 168K
Loader org.gradle.groovy.scripts.internal.DefaultScriptCompilationHandler$ScriptClassLoader: 50576B
Loader org.codehaus.groovy.runtime.callsite.CallSiteClassLoader                        : 18536B

Classes loaded by more than one classloader:
Class org.gradle.api.GradleException                                                  : loaded 3 times (x 80B)
Class org.gradle.internal.classloader.FilteringClassLoader                            : loaded 2 times (x 103B)
Class org.gradle.internal.classloader.ClassLoaderHierarchy                            : loaded 2 times (x 68B)
Class org.gradle.api.internal.classpath.ManifestUtil                                  : loaded 2 times (x 69B)
Class org.gradle.internal.operations.MultipleBuildOperationFailures                   : loaded 2 times (x 93B)
Class org.gradle.internal.classloader.DefaultClassLoaderFactory                       : loaded 2 times (x 80B)
Class kotlin.collections.AbstractList$Companion                                       : loaded 2 times (x 69B)
Class org.gradle.internal.classloader.ClassLoaderVisitor                              : loaded 2 times (x 74B)
Class org.gradle.api.internal.classpath.EffectiveClassPath                            : loaded 2 times (x 88B)
Class org.gradle.api.internal.DefaultClassPathProvider                                : loaded 2 times (x 74B)
Class [Lorg.gradle.api.internal.ClassPathProvider;                                    : loaded 2 times (x 67B)
Class org.gradle.api.internal.ClassPathProvider                                       : loaded 2 times (x 68B)
Class org.gradle.internal.service.UnknownServiceException                             : loaded 2 times (x 81B)
Class org.gradle.internal.classpath.TransformedClassPath                              : loaded 2 times (x 94B)
Class org.gradle.internal.classloader.InstrumentingClassLoader                        : loaded 2 times (x 68B)
Class kotlin.enums.EnumEntriesList                                                    : loaded 2 times (x 221B)
Class org.gradle.internal.service.ServiceLocator                                      : loaded 2 times (x 68B)
Class org.gradle.internal.InternalTransformer                                         : loaded 2 times (x 68B)
Class org.gradle.internal.time.DefaultTimer                                           : loaded 2 times (x 78B)
Class org.gradle.internal.classloader.ClasspathUtil$1                                 : loaded 2 times (x 74B)
Class org.gradle.api.internal.classpath.DefaultModuleRegistry$DefaultModule           : loaded 2 times (x 84B)
Class org.gradle.internal.time.DefaultCountdownTimer                                  : loaded 2 times (x 86B)
Class kotlin.Function                                                                 : loaded 2 times (x 68B)
Class org.gradle.api.internal.classpath.Module                                        : loaded 2 times (x 68B)
Class org.gradle.api.internal.classpath.UnknownModuleException                        : loaded 2 times (x 80B)
Class org.gradle.api.internal.DefaultClassPathRegistry                                : loaded 2 times (x 74B)
Class org.gradle.api.internal.ClassPathRegistry                                       : loaded 2 times (x 68B)
Class org.gradle.internal.classpath.DefaultClassPath$ImmutableUniqueList              : loaded 2 times (x 197B)
Class org.gradle.internal.classpath.ClassPath                                         : loaded 2 times (x 68B)
Class org.gradle.api.UncheckedIOException                                             : loaded 2 times (x 80B)
Class kotlin.UninitializedPropertyAccessException                                     : loaded 2 times (x 80B)
Class org.gradle.internal.installation.GradleInstallation$1                           : loaded 2 times (x 73B)
Class org.gradle.api.internal.classpath.ModuleRegistry                                : loaded 2 times (x 68B)
Class org.gradle.api.internal.classpath.DefaultModuleRegistry                         : loaded 2 times (x 84B)
Class sync_studio_tooling11_1lj3s4m3m4xonii6r9ep6vphh                                 : loaded 2 times (x 177B)
Class org.gradle.internal.time.MonotonicClock                                         : loaded 2 times (x 75B)
Class org.gradle.internal.service.ServiceLookupException                              : loaded 2 times (x 80B)
Class org.gradle.internal.classloader.ClassLoaderFactory                              : loaded 2 times (x 68B)
Class org.gradle.internal.service.CachingServiceLocator                               : loaded 2 times (x 80B)
Class org.gradle.internal.time.TimeSource                                             : loaded 2 times (x 68B)
Class kotlin.enums.EnumEntries                                                        : loaded 2 times (x 68B)
Class org.gradle.internal.exceptions.ResolutionProvider                               : loaded 2 times (x 68B)
Class org.gradle.internal.classloader.ClasspathUtil                                   : loaded 2 times (x 69B)
Class org.gradle.internal.time.TimeSource$1                                           : loaded 2 times (x 75B)
Class org.gradle.api.specs.Spec                                                       : loaded 2 times (x 68B)
Class org.gradle.internal.time.Clock                                                  : loaded 2 times (x 68B)
Class kotlin.collections.AbstractList                                                 : loaded 2 times (x 195B)
Class kotlin.collections.AbstractCollection                                           : loaded 2 times (x 115B)
Class org.gradle.internal.classloader.VisitableURLClassLoader$InstrumentingVisitableURLClassLoader: loaded 2 times (x 121B)
Class org.gradle.internal.classloader.VisitableURLClassLoader$Spec                    : loaded 2 times (x 72B)
Class org.gradle.internal.classpath.DefaultClassPath                                  : loaded 2 times (x 88B)
Class org.gradle.internal.classloader.ClassLoaderSpec                                 : loaded 2 times (x 69B)
Class org.gradle.internal.classloader.VisitableURLClassLoader                         : loaded 2 times (x 115B)
Class org.gradle.internal.Cast                                                        : loaded 2 times (x 69B)
Class org.gradle.api.Action                                                           : loaded 2 times (x 68B)
Class kotlin.jvm.functions.Function1                                                  : loaded 2 times (x 68B)
Class org.gradle.internal.classpath.DefaultClassPath$ImmutableUniqueList$Builder      : loaded 2 times (x 73B)
Class kotlin.NotImplementedError                                                      : loaded 2 times (x 80B)
Class org.gradle.internal.exceptions.NonGradleCauseExceptionsHolder                   : loaded 2 times (x 68B)
Class kotlin.enums.EnumEntriesKt                                                      : loaded 2 times (x 69B)
Class org.gradle.internal.IoActions                                                   : loaded 2 times (x 69B)
Class org.gradle.internal.classloader.SystemClassLoaderSpec                           : loaded 2 times (x 69B)
Class org.gradle.internal.exceptions.MultiCauseException                              : loaded 2 times (x 68B)
Class org.gradle.internal.time.CountdownTimer                                         : loaded 2 times (x 68B)
Class kotlin.jvm.internal.Intrinsics                                                  : loaded 2 times (x 69B)
Class org.gradle.tooling.model.ProjectModel                                           : loaded 2 times (x 68B)
Class kotlin.KotlinNullPointerException                                               : loaded 2 times (x 81B)
Class org.gradle.internal.exceptions.DefaultMultiCauseException                       : loaded 2 times (x 93B)
Class org.gradle.internal.time.Time                                                   : loaded 2 times (x 69B)
Class org.gradle.api.internal.classpath.GlobalCacheRootsProvider                      : loaded 2 times (x 68B)
Class org.gradle.internal.time.Timer                                                  : loaded 2 times (x 68B)
Class kotlin.jvm.internal.markers.KMappedMarker                                       : loaded 2 times (x 68B)
Class org.gradle.internal.installation.CurrentGradleInstallationLocator               : loaded 2 times (x 69B)
Class org.gradle.internal.service.DefaultServiceLocator                               : loaded 2 times (x 81B)
Class org.gradle.util.GradleVersion                                                   : loaded 2 times (x 77B)
Class org.gradle.internal.installation.CurrentGradleInstallation                      : loaded 2 times (x 71B)
Class org.gradle.util.internal.GUtil                                                  : loaded 2 times (x 69B)
Class org.gradle.internal.installation.GradleInstallation                             : loaded 2 times (x 73B)

---------------  S Y S T E M  ---------------

OS:
 Windows 11 , 64 bit Build 26100 (10.0.26100.7623)
OS uptime: 1 days 3:58 hours
Hyper-V role detected

CPU: total 12 (initial active 12) (12 cores per cpu, 2 threads per core) family 25 model 80 stepping 0 microcode 0xa500014, cx8, cmov, fxsr, ht, mmx, 3dnowpref, sse, sse2, sse3, ssse3, sse4a, sse4.1, sse4.2, popcnt, lzcnt, tsc, tscinvbit, avx, avx2, aes, erms, clmul, bmi1, bmi2, adx, sha, fma, vzeroupper, clflush, clflushopt, hv, rdtscp, rdpid, fsrm, f16c, cet_ss
Processor Information for processor 0
  Max Mhz: 2301, Current Mhz: 2010, Mhz Limit: 2301
Processor Information for processor 1
  Max Mhz: 2301, Current Mhz: 2301, Mhz Limit: 2301
Processor Information for processor 2
  Max Mhz: 2301, Current Mhz: 2301, Mhz Limit: 2301
Processor Information for processor 3
  Max Mhz: 2301, Current Mhz: 2301, Mhz Limit: 2301
Processor Information for processor 4
  Max Mhz: 2301, Current Mhz: 2010, Mhz Limit: 2301
Processor Information for processor 5
  Max Mhz: 2301, Current Mhz: 2301, Mhz Limit: 2301
Processor Information for processor 6
  Max Mhz: 2301, Current Mhz: 2301, Mhz Limit: 2301
Processor Information for processor 7
  Max Mhz: 2301, Current Mhz: 2301, Mhz Limit: 2301
Processor Information for processor 8
  Max Mhz: 2301, Current Mhz: 2010, Mhz Limit: 2301
Processor Information for processor 9
  Max Mhz: 2301, Current Mhz: 2301, Mhz Limit: 2301
Processor Information for processor 10
  Max Mhz: 2301, Current Mhz: 2301, Mhz Limit: 2301
Processor Information for processor 11
  Max Mhz: 2301, Current Mhz: 2010, Mhz Limit: 2301

Memory: 4k page, system-wide physical 5987M (622M free)
TotalPageFile size 24419M (AvailPageFile size 9M)
current process WorkingSet (physical memory assigned to process): 290M, peak: 293M
current process commit charge ("private bytes"): 344M, peak: 346M

vm_info: OpenJDK 64-Bit Server VM (21.0.7+-13880790-b1038.58) for windows-amd64 JRE (21.0.7+-13880790-b1038.58), built on 2025-08-04T20:56:21Z by "builder" with MS VC++ 16.10 / 16.11 (VS2019)

END.
